

Started GET "/" for 127.0.0.1 at 2014-04-11 23:10:01 -0600
Processing by Rails::WelcomeController#index as HTML
  Rendered /Library/Ruby/Gems/2.0.0/gems/railties-4.0.0/lib/rails/templates/rails/welcome/index.html.erb (2.0ms)
Completed 200 OK in 52ms (Views: 31.0ms | ActiveRecord: 0.0ms)


Started GET "/" for 127.0.0.1 at 2014-04-11 23:10:43 -0600
Processing by Rails::WelcomeController#index as HTML
  Rendered /Library/Ruby/Gems/2.0.0/gems/railties-4.0.0/lib/rails/templates/rails/welcome/index.html.erb (1.3ms)
Completed 200 OK in 48ms (Views: 27.1ms | ActiveRecord: 0.0ms)
  [1m[36m (0.9ms)[0m  [1mCREATE TABLE "schema_migrations" ("version" varchar(255) NOT NULL) [0m
  [1m[35m (0.8ms)[0m  CREATE UNIQUE INDEX "unique_schema_migrations" ON "schema_migrations" ("version")
  [1m[36mActiveRecord::SchemaMigration Load (0.1ms)[0m  [1mSELECT "schema_migrations".* FROM "schema_migrations"[0m
Migrating to CreateProducts (20140412052426)
  [1m[35m (0.0ms)[0m  begin transaction
  [1m[36m (0.3ms)[0m  [1mCREATE TABLE "products" ("id" INTEGER PRIMARY KEY AUTOINCREMENT NOT NULL, "title" varchar(255), "description" text, "image_url" varchar(255), "price" decimal(8,2), "created_at" datetime, "updated_at" datetime) [0m
  [1m[35mSQL (0.2ms)[0m  INSERT INTO "schema_migrations" ("version") VALUES (?)  [["version", "20140412052426"]]
  [1m[36m (0.6ms)[0m  [1mcommit transaction[0m
  [1m[35mActiveRecord::SchemaMigration Load (0.1ms)[0m  SELECT "schema_migrations".* FROM "schema_migrations"


Started GET "/" for 127.0.0.1 at 2014-04-11 23:27:02 -0600
  [1m[36mActiveRecord::SchemaMigration Load (0.1ms)[0m  [1mSELECT "schema_migrations".* FROM "schema_migrations"[0m
Processing by Rails::WelcomeController#index as HTML
  Rendered /Library/Ruby/Gems/2.0.0/gems/railties-4.0.0/lib/rails/templates/rails/welcome/index.html.erb (1.1ms)
Completed 200 OK in 27ms (Views: 5.3ms | ActiveRecord: 0.0ms)


Started GET "/product/index" for 127.0.0.1 at 2014-04-11 23:31:16 -0600

ActionController::RoutingError (No route matches [GET] "/product/index"):
  actionpack (4.0.0) lib/action_dispatch/middleware/debug_exceptions.rb:21:in `call'
  actionpack (4.0.0) lib/action_dispatch/middleware/show_exceptions.rb:30:in `call'
  railties (4.0.0) lib/rails/rack/logger.rb:38:in `call_app'
  railties (4.0.0) lib/rails/rack/logger.rb:21:in `block in call'
  activesupport (4.0.0) lib/active_support/tagged_logging.rb:67:in `block in tagged'
  activesupport (4.0.0) lib/active_support/tagged_logging.rb:25:in `tagged'
  activesupport (4.0.0) lib/active_support/tagged_logging.rb:67:in `tagged'
  railties (4.0.0) lib/rails/rack/logger.rb:21:in `call'
  actionpack (4.0.0) lib/action_dispatch/middleware/request_id.rb:21:in `call'
  rack (1.5.2) lib/rack/methodoverride.rb:21:in `call'
  rack (1.5.2) lib/rack/runtime.rb:17:in `call'
  activesupport (4.0.0) lib/active_support/cache/strategy/local_cache.rb:83:in `call'
  rack (1.5.2) lib/rack/lock.rb:17:in `call'
  actionpack (4.0.0) lib/action_dispatch/middleware/static.rb:64:in `call'
  railties (4.0.0) lib/rails/engine.rb:511:in `call'
  railties (4.0.0) lib/rails/application.rb:97:in `call'
  rack (1.5.2) lib/rack/lock.rb:17:in `call'
  rack (1.5.2) lib/rack/content_length.rb:14:in `call'
  rack (1.5.2) lib/rack/handler/webrick.rb:60:in `service'
  /System/Library/Frameworks/Ruby.framework/Versions/2.0/usr/lib/ruby/2.0.0/webrick/httpserver.rb:138:in `service'
  /System/Library/Frameworks/Ruby.framework/Versions/2.0/usr/lib/ruby/2.0.0/webrick/httpserver.rb:94:in `run'
  /System/Library/Frameworks/Ruby.framework/Versions/2.0/usr/lib/ruby/2.0.0/webrick/server.rb:295:in `block in start_thread'


  Rendered /Library/Ruby/Gems/2.0.0/gems/actionpack-4.0.0/lib/action_dispatch/middleware/templates/rescues/_trace.erb (1.0ms)
  Rendered /Library/Ruby/Gems/2.0.0/gems/actionpack-4.0.0/lib/action_dispatch/middleware/templates/routes/_route.html.erb (1.6ms)
  Rendered /Library/Ruby/Gems/2.0.0/gems/actionpack-4.0.0/lib/action_dispatch/middleware/templates/routes/_table.html.erb (5.9ms)
  Rendered /Library/Ruby/Gems/2.0.0/gems/actionpack-4.0.0/lib/action_dispatch/middleware/templates/rescues/routing_error.erb within rescues/layout (27.3ms)


Started GET "/products/index" for 127.0.0.1 at 2014-04-11 23:31:32 -0600
Processing by ProductsController#show as HTML
  Parameters: {"id"=>"index"}
  [1m[35mProduct Load (0.1ms)[0m  SELECT "products".* FROM "products" WHERE "products"."id" = ? LIMIT 1  [["id", "index"]]
Completed 404 Not Found in 5ms

ActiveRecord::RecordNotFound (Couldn't find Product with id=index):
  app/controllers/products_controller.rb:67:in `set_product'


  Rendered /Library/Ruby/Gems/2.0.0/gems/actionpack-4.0.0/lib/action_dispatch/middleware/templates/rescues/_source.erb (0.6ms)
  Rendered /Library/Ruby/Gems/2.0.0/gems/actionpack-4.0.0/lib/action_dispatch/middleware/templates/rescues/_trace.erb (1.1ms)
  Rendered /Library/Ruby/Gems/2.0.0/gems/actionpack-4.0.0/lib/action_dispatch/middleware/templates/rescues/_request_and_response.erb (1.3ms)
  Rendered /Library/Ruby/Gems/2.0.0/gems/actionpack-4.0.0/lib/action_dispatch/middleware/templates/rescues/diagnostics.erb within rescues/layout (15.0ms)


Started GET "/products/show" for 127.0.0.1 at 2014-04-11 23:31:47 -0600
Processing by ProductsController#show as HTML
  Parameters: {"id"=>"show"}
  [1m[36mProduct Load (0.1ms)[0m  [1mSELECT "products".* FROM "products" WHERE "products"."id" = ? LIMIT 1[0m  [["id", "show"]]
Completed 404 Not Found in 1ms

ActiveRecord::RecordNotFound (Couldn't find Product with id=show):
  app/controllers/products_controller.rb:67:in `set_product'


  Rendered /Library/Ruby/Gems/2.0.0/gems/actionpack-4.0.0/lib/action_dispatch/middleware/templates/rescues/_source.erb (0.7ms)
  Rendered /Library/Ruby/Gems/2.0.0/gems/actionpack-4.0.0/lib/action_dispatch/middleware/templates/rescues/_trace.erb (1.0ms)
  Rendered /Library/Ruby/Gems/2.0.0/gems/actionpack-4.0.0/lib/action_dispatch/middleware/templates/rescues/_request_and_response.erb (0.7ms)
  Rendered /Library/Ruby/Gems/2.0.0/gems/actionpack-4.0.0/lib/action_dispatch/middleware/templates/rescues/diagnostics.erb within rescues/layout (11.6ms)


Started GET "/products/" for 127.0.0.1 at 2014-04-11 23:31:58 -0600
Processing by ProductsController#index as HTML
  [1m[35mProduct Load (0.2ms)[0m  SELECT "products".* FROM "products"
  Rendered products/index.html.erb within layouts/application (1.8ms)
Completed 200 OK in 733ms (Views: 732.2ms | ActiveRecord: 0.2ms)


Started GET "/assets/application.css?body=1" for 127.0.0.1 at 2014-04-11 23:31:59 -0600


Started GET "/assets/products.css?body=1" for 127.0.0.1 at 2014-04-11 23:31:59 -0600


Started GET "/assets/scaffolds.css?body=1" for 127.0.0.1 at 2014-04-11 23:31:59 -0600


Started GET "/assets/jquery.js?body=1" for 127.0.0.1 at 2014-04-11 23:31:59 -0600


Started GET "/assets/jquery_ujs.js?body=1" for 127.0.0.1 at 2014-04-11 23:31:59 -0600


Started GET "/assets/turbolinks.js?body=1" for 127.0.0.1 at 2014-04-11 23:31:59 -0600


Started GET "/assets/application.js?body=1" for 127.0.0.1 at 2014-04-11 23:31:59 -0600


Started GET "/assets/products.js?body=1" for 127.0.0.1 at 2014-04-11 23:31:59 -0600


Started GET "/products/new" for 127.0.0.1 at 2014-04-11 23:34:22 -0600
Processing by ProductsController#new as HTML
  Rendered products/_form.html.erb (62.9ms)
  Rendered products/new.html.erb within layouts/application (64.9ms)
Completed 200 OK in 72ms (Views: 70.3ms | ActiveRecord: 0.0ms)


Started GET "/products/new" for 127.0.0.1 at 2014-04-11 23:34:23 -0600
Processing by ProductsController#new as HTML
  Rendered products/_form.html.erb (3.8ms)
  Rendered products/new.html.erb within layouts/application (5.0ms)
Completed 200 OK in 9ms (Views: 8.5ms | ActiveRecord: 0.0ms)


Started GET "/assets/products.css?body=1" for 127.0.0.1 at 2014-04-11 23:34:23 -0600


Started GET "/assets/scaffolds.css?body=1" for 127.0.0.1 at 2014-04-11 23:34:23 -0600


Started GET "/assets/application.css?body=1" for 127.0.0.1 at 2014-04-11 23:34:23 -0600


Started GET "/assets/jquery.js?body=1" for 127.0.0.1 at 2014-04-11 23:34:23 -0600


Started GET "/assets/jquery_ujs.js?body=1" for 127.0.0.1 at 2014-04-11 23:34:23 -0600


Started GET "/assets/turbolinks.js?body=1" for 127.0.0.1 at 2014-04-11 23:34:23 -0600


Started GET "/assets/products.js?body=1" for 127.0.0.1 at 2014-04-11 23:34:23 -0600


Started GET "/assets/application.js?body=1" for 127.0.0.1 at 2014-04-11 23:34:23 -0600
